[debug] [2022-10-27T12:01:54.393Z] ----------------------------------------------------------------------
[debug] [2022-10-27T12:01:54.395Z] Command:       /usr/bin/node /usr/local/bin/firebase init
[debug] [2022-10-27T12:01:54.396Z] CLI Version:   11.8.0
[debug] [2022-10-27T12:01:54.396Z] Platform:      linux
[debug] [2022-10-27T12:01:54.396Z] Node Version:  v18.9.1
[debug] [2022-10-27T12:01:54.397Z] Time:          Thu Oct 27 2022 17:31:54 GMT+0530 (India Standard Time)
[debug] [2022-10-27T12:01:54.397Z] ----------------------------------------------------------------------
[debug] 
[debug] [2022-10-27T12:01:54.404Z] > command requires scopes: ["email","openid","https://www.googleapis.com/auth/cloudplatformprojects.readonly","https://www.googleapis.com/auth/firebase","https://www.googleapis.com/auth/cloud-platform"]
[debug] [2022-10-27T12:01:54.405Z] > authorizing via signed-in user (adhithyanmp33@gmail.com)
[info] 
     ######## #### ########  ######## ########     ###     ######  ########
     ##        ##  ##     ## ##       ##     ##  ##   ##  ##       ##
     ######    ##  ########  ######   ########  #########  ######  ######
     ##        ##  ##    ##  ##       ##     ## ##     ##       ## ##
     ##       #### ##     ## ######## ########  ##     ##  ######  ########

You're about to initialize a Firebase project in this directory:

  /home/adhithyan/Desktop/adhithyan/adhithyan

[info] 
=== Project Setup
[info] 
[info] First, let's associate this project directory with a Firebase project.
[info] You can create multiple project aliases by running firebase use --add, 
[info] but for now we'll just set up a default project.
[info] 
[debug] [2022-10-27T12:02:14.634Z] > refreshing access token with scopes: []
[debug] [2022-10-27T12:02:14.638Z] >>> [apiv2][query] POST https://www.googleapis.com/oauth2/v3/token [none]
[debug] [2022-10-27T12:02:14.638Z] >>> [apiv2][body] POST https://www.googleapis.com/oauth2/v3/token [omitted]
[debug] [2022-10-27T12:02:14.996Z] <<< [apiv2][status] POST https://www.googleapis.com/oauth2/v3/token 200
[debug] [2022-10-27T12:02:14.996Z] <<< [apiv2][body] POST https://www.googleapis.com/oauth2/v3/token [omitted]
[debug] [2022-10-27T12:02:15.243Z] >>> [apiv2][query] GET https://firebase.googleapis.com/v1beta1/projects pageSize=100
[debug] [2022-10-27T12:02:15.976Z] <<< [apiv2][status] GET https://firebase.googleapis.com/v1beta1/projects 200
[debug] [2022-10-27T12:02:15.976Z] <<< [apiv2][body] GET https://firebase.googleapis.com/v1beta1/projects [omitted]
[info] i  Using project adhithyan-a6966 (adhithyan) 
[info] 
=== Hosting Setup
[info] 
[info] Your public directory is the folder (relative to your project directory) that
[info] will contain Hosting assets to be uploaded with firebase deploy. If you
[info] have a build process for your assets, use your build's output directory.
[info] 
